[03-Jun-2020 13:03:50 UTC] デバッグ「「「「「「「「「「「「「「「「「「「「「「「「「「「「「「「「「
[03-Jun-2020 13:03:50 UTC] デバッグ「ログインページ
[03-Jun-2020 13:03:50 UTC] デバッグ「「「「「「「「「「「「「「「「「「「「「「「「「「「「「「「「「
[03-Jun-2020 13:03:50 UTC] デバッグ>>>>>>>>>>>>>>>>>>>>>>>>>>>>>>>>>>>>>>>>>>>>>>>> 画面表示処理開始
[03-Jun-2020 13:03:50 UTC] デバッグセッションID：rpf8d71d7h10heluap97h2pvhp
[03-Jun-2020 13:03:50 UTC] デバッグセッション変数の中身：Array
(
    [login_date] => 1591189372
    [login_limit] => 3600
    [user_id] => 1
)

[03-Jun-2020 13:03:50 UTC] デバッグ現在日時タイムスタンプ：1591189430
[03-Jun-2020 13:03:50 UTC] デバッグログイン期限日時タイムスタンプ：1591192972
[03-Jun-2020 13:03:50 UTC] デバッグログイン済みユーザーです。
[03-Jun-2020 13:03:50 UTC] デバッグログイン有効期限以内です。
[03-Jun-2020 13:03:50 UTC] デバッグマイページへ遷移します。
[03-Jun-2020 13:03:50 UTC] デバッグPOST送信があります。
[03-Jun-2020 13:03:50 UTC] PHP Notice:  Undefined index: email in /Applications/MAMP/htdocs/webservice_lesson1/login.php on line 21
[03-Jun-2020 13:03:50 UTC] PHP Notice:  Undefined index: pass in /Applications/MAMP/htdocs/webservice_lesson1/login.php on line 22
[03-Jun-2020 13:03:50 UTC] デバッグ画面表示処理終了<<<<<<<<<<<<<<<<<<<<<<<<<<<<<<<<<<<<<<<<<<<<<<<<<<<<<
[03-Jun-2020 13:04:25 UTC] デバッグ「「「「「「「「「「「「「「「「「「「「「「「「「「「「「「「「「
[03-Jun-2020 13:04:25 UTC] デバッグ「ログインページ
[03-Jun-2020 13:04:25 UTC] デバッグ「「「「「「「「「「「「「「「「「「「「「「「「「「「「「「「「「
[03-Jun-2020 13:04:25 UTC] デバッグ>>>>>>>>>>>>>>>>>>>>>>>>>>>>>>>>>>>>>>>>>>>>>>>> 画面表示処理開始
[03-Jun-2020 13:04:25 UTC] デバッグセッションID：nd5022ioght479bgposif7dlvb
[03-Jun-2020 13:04:25 UTC] デバッグセッション変数の中身：Array
(
)

[03-Jun-2020 13:04:25 UTC] デバッグ現在日時タイムスタンプ：1591189465
[03-Jun-2020 13:04:25 UTC] デバッグ未ログインユーザーです。
[03-Jun-2020 13:04:25 UTC] デバッグPOST送信があります。
[03-Jun-2020 13:04:25 UTC] PHP Notice:  Undefined index: email in /Applications/MAMP/htdocs/webservice_lesson1/login.php on line 21
[03-Jun-2020 13:04:25 UTC] PHP Notice:  Undefined index: pass in /Applications/MAMP/htdocs/webservice_lesson1/login.php on line 22
[03-Jun-2020 13:04:25 UTC] デバッグ画面表示処理終了<<<<<<<<<<<<<<<<<<<<<<<<<<<<<<<<<<<<<<<<<<<<<<<<<<<<<
[03-Jun-2020 13:05:10 UTC] デバッグ「「「「「「「「「「「「「「「「「「「「「「「「「「「「「「「「「
[03-Jun-2020 13:05:10 UTC] デバッグ「ログインページ
[03-Jun-2020 13:05:10 UTC] デバッグ「「「「「「「「「「「「「「「「「「「「「「「「「「「「「「「「「
[03-Jun-2020 13:05:10 UTC] デバッグ>>>>>>>>>>>>>>>>>>>>>>>>>>>>>>>>>>>>>>>>>>>>>>>> 画面表示処理開始
[03-Jun-2020 13:05:10 UTC] デバッグセッションID：710oaar9ql2a96fuhbu2svooo0
[03-Jun-2020 13:05:10 UTC] デバッグセッション変数の中身：Array
(
)

[03-Jun-2020 13:05:10 UTC] デバッグ現在日時タイムスタンプ：1591189510
[03-Jun-2020 13:05:10 UTC] デバッグ未ログインユーザーです。
[03-Jun-2020 13:05:10 UTC] デバッグPOST送信があります。
[03-Jun-2020 13:05:10 UTC] PHP Notice:  Undefined index: email in /Applications/MAMP/htdocs/webservice_lesson1/login.php on line 21
[03-Jun-2020 13:05:10 UTC] PHP Notice:  Undefined index: pass in /Applications/MAMP/htdocs/webservice_lesson1/login.php on line 22
[03-Jun-2020 13:05:10 UTC] デバッグ画面表示処理終了<<<<<<<<<<<<<<<<<<<<<<<<<<<<<<<<<<<<<<<<<<<<<<<<<<<<<
[03-Jun-2020 13:06:13 UTC] デバッグ:「「「「「「「「「「「「「「「「「「「「「「「「「「「「「「「「「
[03-Jun-2020 13:06:13 UTC] デバッグ:「ログインページ
[03-Jun-2020 13:06:13 UTC] デバッグ:「「「「「「「「「「「「「「「「「「「「「「「「「「「「「「「「「
[03-Jun-2020 13:06:13 UTC] デバッグ:>>>>>>>>>>>>>>>>>>>>>>>>>>>>>>>>>>>>>>>>>>>>>>>> 画面表示処理開始
[03-Jun-2020 13:06:13 UTC] デバッグ:セッションID：s06m2m1acblf8vhg11asaqus54
[03-Jun-2020 13:06:13 UTC] デバッグ:セッション変数の中身：Array
(
)

[03-Jun-2020 13:06:13 UTC] デバッグ:現在日時タイムスタンプ：1591189573
[03-Jun-2020 13:06:13 UTC] デバッグ:未ログインユーザーです。
[03-Jun-2020 13:06:13 UTC] デバッグ:POST送信があります。
[03-Jun-2020 13:06:13 UTC] PHP Notice:  Undefined index: email in /Applications/MAMP/htdocs/webservice_lesson1/login.php on line 21
[03-Jun-2020 13:06:13 UTC] PHP Notice:  Undefined index: pass in /Applications/MAMP/htdocs/webservice_lesson1/login.php on line 22
[03-Jun-2020 13:06:13 UTC] デバッグ:画面表示処理終了<<<<<<<<<<<<<<<<<<<<<<<<<<<<<<<<<<<<<<<<<<<<<<<<<<<<<
[03-Jun-2020 13:06:14 UTC] デバッグ:「「「「「「「「「「「「「「「「「「「「「「「「「「「「「「「「「
[03-Jun-2020 13:06:14 UTC] デバッグ:「ログインページ
[03-Jun-2020 13:06:14 UTC] デバッグ:「「「「「「「「「「「「「「「「「「「「「「「「「「「「「「「「「
[03-Jun-2020 13:06:14 UTC] デバッグ:>>>>>>>>>>>>>>>>>>>>>>>>>>>>>>>>>>>>>>>>>>>>>>>> 画面表示処理開始
[03-Jun-2020 13:06:14 UTC] デバッグ:セッションID：o80c36usn0pc777hqcf9f00sgr
[03-Jun-2020 13:06:14 UTC] デバッグ:セッション変数の中身：Array
(
)

[03-Jun-2020 13:06:14 UTC] デバッグ:現在日時タイムスタンプ：1591189574
[03-Jun-2020 13:06:14 UTC] デバッグ:未ログインユーザーです。
[03-Jun-2020 13:06:14 UTC] デバッグ:POST送信があります。
[03-Jun-2020 13:06:14 UTC] PHP Notice:  Undefined index: email in /Applications/MAMP/htdocs/webservice_lesson1/login.php on line 21
[03-Jun-2020 13:06:14 UTC] PHP Notice:  Undefined index: pass in /Applications/MAMP/htdocs/webservice_lesson1/login.php on line 22
[03-Jun-2020 13:06:14 UTC] デバッグ:画面表示処理終了<<<<<<<<<<<<<<<<<<<<<<<<<<<<<<<<<<<<<<<<<<<<<<<<<<<<<
[03-Jun-2020 13:06:20 UTC] デバッグ:「「「「「「「「「「「「「「「「「「「「「「「「「「「「「「「「「
[03-Jun-2020 13:06:20 UTC] デバッグ:「ログインページ
[03-Jun-2020 13:06:20 UTC] デバッグ:「「「「「「「「「「「「「「「「「「「「「「「「「「「「「「「「「
[03-Jun-2020 13:06:20 UTC] デバッグ:>>>>>>>>>>>>>>>>>>>>>>>>>>>>>>>>>>>>>>>>>>>>>>>> 画面表示処理開始
[03-Jun-2020 13:06:20 UTC] デバッグ:セッションID：k32c01uojuq44l9a1d47r12hp7
[03-Jun-2020 13:06:20 UTC] デバッグ:セッション変数の中身：Array
(
)

[03-Jun-2020 13:06:20 UTC] デバッグ:現在日時タイムスタンプ：1591189580
[03-Jun-2020 13:06:20 UTC] デバッグ:未ログインユーザーです。
[03-Jun-2020 13:06:20 UTC] デバッグ:POST送信があります。
[03-Jun-2020 13:06:20 UTC] PHP Notice:  Undefined index: email in /Applications/MAMP/htdocs/webservice_lesson1/login.php on line 21
[03-Jun-2020 13:06:20 UTC] PHP Notice:  Undefined index: pass in /Applications/MAMP/htdocs/webservice_lesson1/login.php on line 22
[03-Jun-2020 13:06:20 UTC] デバッグ:画面表示処理終了<<<<<<<<<<<<<<<<<<<<<<<<<<<<<<<<<<<<<<<<<<<<<<<<<<<<<
[03-Jun-2020 13:07:21 UTC] デバッグ:「「「「「「「「「「「「「「「「「「「「「「「「「「「「「「「「「
[03-Jun-2020 13:07:21 UTC] デバッグ:「ログインページ
[03-Jun-2020 13:07:21 UTC] デバッグ:「「「「「「「「「「「「「「「「「「「「「「「「「「「「「「「「「
[03-Jun-2020 13:07:21 UTC] デバッグ:>>>>>>>>>>>>>>>>>>>>>>>>>>>>>>>>>>>>>>>>>>>>>>>> 画面表示処理開始
[03-Jun-2020 13:07:21 UTC] デバッグ:セッションID：t6d5e6d50macbnbeops74g6ngs
[03-Jun-2020 13:07:21 UTC] デバッグ:セッション変数の中身：Array
(
)

[03-Jun-2020 13:07:21 UTC] デバッグ:現在日時タイムスタンプ：1591189641
[03-Jun-2020 13:07:21 UTC] デバッグ:未ログインユーザーです。
[03-Jun-2020 13:07:21 UTC] デバッグ:画面表示処理終了<<<<<<<<<<<<<<<<<<<<<<<<<<<<<<<<<<<<<<<<<<<<<<<<<<<<<
[03-Jun-2020 13:07:42 UTC] デバッグ:「「「「「「「「「「「「「「「「「「「「「「「「「「「「「「「「「
[03-Jun-2020 13:07:42 UTC] デバッグ:「ログインページ
[03-Jun-2020 13:07:42 UTC] デバッグ:「「「「「「「「「「「「「「「「「「「「「「「「「「「「「「「「「
[03-Jun-2020 13:07:42 UTC] デバッグ:>>>>>>>>>>>>>>>>>>>>>>>>>>>>>>>>>>>>>>>>>>>>>>>> 画面表示処理開始
[03-Jun-2020 13:07:42 UTC] デバッグ:セッションID：ufhpjshjpkpt43dg8cnlm1hgtf
[03-Jun-2020 13:07:42 UTC] デバッグ:セッション変数の中身：Array
(
)

[03-Jun-2020 13:07:42 UTC] デバッグ:現在日時タイムスタンプ：1591189662
[03-Jun-2020 13:07:42 UTC] デバッグ:未ログインユーザーです。
[03-Jun-2020 13:07:42 UTC] デバッグ:画面表示処理終了<<<<<<<<<<<<<<<<<<<<<<<<<<<<<<<<<<<<<<<<<<<<<<<<<<<<<
[03-Jun-2020 13:08:30 UTC] デバッグ:「「「「「「「「「「「「「「「「「「「「「「「「「「「「「「「「「
[03-Jun-2020 13:08:30 UTC] デバッグ:「ログインページ
[03-Jun-2020 13:08:30 UTC] デバッグ:「「「「「「「「「「「「「「「「「「「「「「「「「「「「「「「「「
[03-Jun-2020 13:08:30 UTC] デバッグ:>>>>>>>>>>>>>>>>>>>>>>>>>>>>>>>>>>>>>>>>>>>>>>>> 画面表示処理開始
[03-Jun-2020 13:08:30 UTC] デバッグ:セッションID：7bvsprhg7aseabvnd4mnag50ai
[03-Jun-2020 13:08:30 UTC] デバッグ:セッション変数の中身：Array
(
)

[03-Jun-2020 13:08:30 UTC] デバッグ:現在日時タイムスタンプ：1591189710
[03-Jun-2020 13:08:30 UTC] デバッグ:未ログインユーザーです。
[03-Jun-2020 13:08:30 UTC] デバッグ:画面表示処理終了<<<<<<<<<<<<<<<<<<<<<<<<<<<<<<<<<<<<<<<<<<<<<<<<<<<<<
[03-Jun-2020 13:12:53 UTC] デバッグ:「「「「「「「「「「「「「「「「「「「「「「「「「「「「「「「「「
[03-Jun-2020 13:12:53 UTC] デバッグ:「ログインページ
[03-Jun-2020 13:12:53 UTC] デバッグ:「「「「「「「「「「「「「「「「「「「「「「「「「「「「「「「「「
[03-Jun-2020 13:12:53 UTC] デバッグ:>>>>>>>>>>>>>>>>>>>>>>>>>>>>>>>>>>>>>>>>>>>>>>>> 画面表示処理開始
[03-Jun-2020 13:12:53 UTC] デバッグ:セッションID：fle4f5k4qmupeckb57tip1tq11
[03-Jun-2020 13:12:53 UTC] デバッグ:セッション変数の中身：Array
(
)

[03-Jun-2020 13:12:53 UTC] デバッグ:現在日時タイムスタンプ：1591189973
[03-Jun-2020 13:12:53 UTC] デバッグ:未ログインユーザーです。
[03-Jun-2020 13:12:53 UTC] デバッグ:画面表示処理終了<<<<<<<<<<<<<<<<<<<<<<<<<<<<<<<<<<<<<<<<<<<<<<<<<<<<<
[03-Jun-2020 13:26:22 UTC] デバッグ:「「「「「「「「「「「「「「「「「「「「「「「「「「「「「「「「「
[03-Jun-2020 13:26:22 UTC] デバッグ:「ログインページ
[03-Jun-2020 13:26:22 UTC] デバッグ:「「「「「「「「「「「「「「「「「「「「「「「「「「「「「「「「「
[03-Jun-2020 13:26:22 UTC] デバッグ:>>>>>>>>>>>>>>>>>>>>>>>>>>>>>>>>>>>>>>>>>>>>>>>> 画面表示処理開始
[03-Jun-2020 13:26:22 UTC] デバッグ:セッションID：6fs12je1kllvcn7il75jdood9f
[03-Jun-2020 13:26:22 UTC] デバッグ:セッション変数の中身：Array
(
)

[03-Jun-2020 13:26:22 UTC] デバッグ:現在日時タイムスタンプ：1591190782
[03-Jun-2020 13:26:22 UTC] デバッグ:未ログインユーザーです。
[03-Jun-2020 13:26:22 UTC] デバッグ:画面表示処理終了<<<<<<<<<<<<<<<<<<<<<<<<<<<<<<<<<<<<<<<<<<<<<<<<<<<<<
[03-Jun-2020 13:26:55 UTC] デバッグ:「「「「「「「「「「「「「「「「「「「「「「「「「「「「「「「「「
[03-Jun-2020 13:26:55 UTC] デバッグ:「ログインページ
[03-Jun-2020 13:26:55 UTC] デバッグ:「「「「「「「「「「「「「「「「「「「「「「「「「「「「「「「「「
[03-Jun-2020 13:26:55 UTC] デバッグ:>>>>>>>>>>>>>>>>>>>>>>>>>>>>>>>>>>>>>>>>>>>>>>>> 画面表示処理開始
[03-Jun-2020 13:26:55 UTC] デバッグ:セッションID：jltodcud3jopdicka40kavborr
[03-Jun-2020 13:26:55 UTC] デバッグ:セッション変数の中身：Array
(
)

[03-Jun-2020 13:26:55 UTC] デバッグ:現在日時タイムスタンプ：1591190815
[03-Jun-2020 13:26:55 UTC] デバッグ:未ログインユーザーです。
[03-Jun-2020 13:26:55 UTC] デバッグ:画面表示処理終了<<<<<<<<<<<<<<<<<<<<<<<<<<<<<<<<<<<<<<<<<<<<<<<<<<<<<
[03-Jun-2020 13:27:18 UTC] デバッグ:「「「「「「「「「「「「「「「「「「「「「「「「「「「「「「「「「
[03-Jun-2020 13:27:18 UTC] デバッグ:「ログインページ
[03-Jun-2020 13:27:18 UTC] デバッグ:「「「「「「「「「「「「「「「「「「「「「「「「「「「「「「「「「
[03-Jun-2020 13:27:18 UTC] デバッグ:>>>>>>>>>>>>>>>>>>>>>>>>>>>>>>>>>>>>>>>>>>>>>>>> 画面表示処理開始
[03-Jun-2020 13:27:18 UTC] デバッグ:セッションID：smufugr3590e4921kg94tpn502
[03-Jun-2020 13:27:18 UTC] デバッグ:セッション変数の中身：Array
(
)

[03-Jun-2020 13:27:18 UTC] デバッグ:現在日時タイムスタンプ：1591190838
[03-Jun-2020 13:27:18 UTC] デバッグ:未ログインユーザーです。
[03-Jun-2020 13:27:18 UTC] デバッグ:画面表示処理終了<<<<<<<<<<<<<<<<<<<<<<<<<<<<<<<<<<<<<<<<<<<<<<<<<<<<<
[03-Jun-2020 13:28:16 UTC] デバッグ:「「「「「「「「「「「「「「「「「「「「「「「「「「「「「「「「「
[03-Jun-2020 13:28:16 UTC] デバッグ:「ログインページ
[03-Jun-2020 13:28:16 UTC] デバッグ:「「「「「「「「「「「「「「「「「「「「「「「「「「「「「「「「「
[03-Jun-2020 13:28:16 UTC] デバッグ:>>>>>>>>>>>>>>>>>>>>>>>>>>>>>>>>>>>>>>>>>>>>>>>> 画面表示処理開始
[03-Jun-2020 13:28:16 UTC] デバッグ:セッションID：m79p6fdtfhrdsd2omq1tkeurnf
[03-Jun-2020 13:28:16 UTC] デバッグ:セッション変数の中身：Array
(
)

[03-Jun-2020 13:28:16 UTC] デバッグ:現在日時タイムスタンプ：1591190896
[03-Jun-2020 13:28:16 UTC] デバッグ:未ログインユーザーです。
[03-Jun-2020 13:28:16 UTC] デバッグ:画面表示処理終了<<<<<<<<<<<<<<<<<<<<<<<<<<<<<<<<<<<<<<<<<<<<<<<<<<<<<
[03-Jun-2020 13:41:26 UTC] デバッグ:「「「「「「「「「「「「「「「「「「「「「「「「「「「「「「「「「
[03-Jun-2020 13:41:26 UTC] デバッグ:「ログインページ
[03-Jun-2020 13:41:26 UTC] デバッグ:「「「「「「「「「「「「「「「「「「「「「「「「「「「「「「「「「
[03-Jun-2020 13:41:26 UTC] デバッグ:>>>>>>>>>>>>>>>>>>>>>>>>>>>>>>>>>>>>>>>>>>>>>>>> 画面表示処理開始
[03-Jun-2020 13:41:26 UTC] デバッグ:セッションID：n4e18jb9lmofdhomal4idmj24s
[03-Jun-2020 13:41:26 UTC] デバッグ:セッション変数の中身：Array
(
)

[03-Jun-2020 13:41:26 UTC] デバッグ:現在日時タイムスタンプ：1591191686
[03-Jun-2020 13:41:26 UTC] デバッグ:未ログインユーザーです。
[03-Jun-2020 13:41:26 UTC] デバッグ:画面表示処理終了<<<<<<<<<<<<<<<<<<<<<<<<<<<<<<<<<<<<<<<<<<<<<<<<<<<<<
[03-Jun-2020 13:41:26 UTC] PHP Notice:  Undefined index: pass in /Applications/MAMP/htdocs/webservice_lesson1/login.php on line 150
[03-Jun-2020 13:42:35 UTC] デバッグ:「「「「「「「「「「「「「「「「「「「「「「「「「「「「「「「「「
[03-Jun-2020 13:42:35 UTC] デバッグ:「ログインページ
[03-Jun-2020 13:42:35 UTC] デバッグ:「「「「「「「「「「「「「「「「「「「「「「「「「「「「「「「「「
[03-Jun-2020 13:42:35 UTC] デバッグ:>>>>>>>>>>>>>>>>>>>>>>>>>>>>>>>>>>>>>>>>>>>>>>>> 画面表示処理開始
[03-Jun-2020 13:42:35 UTC] デバッグ:セッションID：qj4tglqni975b7nq1oonsffqb9
[03-Jun-2020 13:42:35 UTC] デバッグ:セッション変数の中身：Array
(
)

[03-Jun-2020 13:42:35 UTC] デバッグ:現在日時タイムスタンプ：1591191755
[03-Jun-2020 13:42:35 UTC] デバッグ:未ログインユーザーです。
[03-Jun-2020 13:42:35 UTC] デバッグ:画面表示処理終了<<<<<<<<<<<<<<<<<<<<<<<<<<<<<<<<<<<<<<<<<<<<<<<<<<<<<
[03-Jun-2020 13:42:57 UTC] デバッグ:「「「「「「「「「「「「「「「「「「「「「「「「「「「「「「「「「
[03-Jun-2020 13:42:57 UTC] デバッグ:「ログインページ
[03-Jun-2020 13:42:57 UTC] デバッグ:「「「「「「「「「「「「「「「「「「「「「「「「「「「「「「「「「
[03-Jun-2020 13:42:57 UTC] デバッグ:>>>>>>>>>>>>>>>>>>>>>>>>>>>>>>>>>>>>>>>>>>>>>>>> 画面表示処理開始
[03-Jun-2020 13:42:57 UTC] デバッグ:セッションID：61qh2n9o13rcbvjc3iq0aar9ke
[03-Jun-2020 13:42:57 UTC] デバッグ:セッション変数の中身：Array
(
)

[03-Jun-2020 13:42:57 UTC] デバッグ:現在日時タイムスタンプ：1591191777
[03-Jun-2020 13:42:57 UTC] デバッグ:未ログインユーザーです。
[03-Jun-2020 13:42:57 UTC] デバッグ:POST送信があります。
[03-Jun-2020 13:42:57 UTC] デバッグ:バリデーションOKです。
[03-Jun-2020 13:42:57 UTC] デバッグ:クエリ結果の中身:Array
(
    [password] => $2y$10$W2..kuz9ch2LPSdSkui0j.rBHvDqJc91UhRzMI6WfWWfp5rl1M65C
    [id] => 1
)

[03-Jun-2020 13:42:57 UTC] デバッグ:パスワードがマッチしました
[03-Jun-2020 13:42:57 UTC] デバッグ:ログイン保持にチェックはありません
[03-Jun-2020 13:42:57 UTC] デバッグ:セッション変数の中身1
[03-Jun-2020 13:42:57 UTC] デバッグ:マイページへ遷移します.
[03-Jun-2020 13:42:57 UTC] デバッグ:画面表示処理終了<<<<<<<<<<<<<<<<<<<<<<<<<<<<<<<<<<<<<<<<<<<<<<<<<<<<<
[03-Jun-2020 13:43:02 UTC] デバッグ:「「「「「「「「「「「「「「「「「「「「「「「「「「「「「「「「「
[03-Jun-2020 13:43:02 UTC] デバッグ:「ログインページ
[03-Jun-2020 13:43:02 UTC] デバッグ:「「「「「「「「「「「「「「「「「「「「「「「「「「「「「「「「「
[03-Jun-2020 13:43:02 UTC] デバッグ:>>>>>>>>>>>>>>>>>>>>>>>>>>>>>>>>>>>>>>>>>>>>>>>> 画面表示処理開始
[03-Jun-2020 13:43:02 UTC] デバッグ:セッションID：vph96tm12676qbin1elrjs5k11
[03-Jun-2020 13:43:02 UTC] デバッグ:セッション変数の中身：Array
(
    [login_date] => 1591191777
    [login_limit] => 3600
    [user_id] => 1
)

[03-Jun-2020 13:43:02 UTC] デバッグ:現在日時タイムスタンプ：1591191782
[03-Jun-2020 13:43:02 UTC] デバッグ:ログイン期限日時タイムスタンプ：1591195377
[03-Jun-2020 13:43:02 UTC] デバッグ:ログイン済みユーザーです。
[03-Jun-2020 13:43:02 UTC] デバッグ:ログイン有効期限以内です。
[03-Jun-2020 13:43:02 UTC] デバッグ:マイページへ遷移します。
[03-Jun-2020 13:43:02 UTC] デバッグ:画面表示処理終了<<<<<<<<<<<<<<<<<<<<<<<<<<<<<<<<<<<<<<<<<<<<<<<<<<<<<
[03-Jun-2020 13:45:18 UTC] デバッグ:「「「「「「「「「「「「「「「「「「「「「「「「「「「「「「「「「
[03-Jun-2020 13:45:18 UTC] デバッグ:「ログインページ
[03-Jun-2020 13:45:18 UTC] デバッグ:「「「「「「「「「「「「「「「「「「「「「「「「「「「「「「「「「
[03-Jun-2020 13:45:18 UTC] デバッグ:>>>>>>>>>>>>>>>>>>>>>>>>>>>>>>>>>>>>>>>>>>>>>>>> 画面表示処理開始
[03-Jun-2020 13:45:18 UTC] デバッグ:セッションID：i0q0m2kvoka8sd3h0kt26ud0ho
[03-Jun-2020 13:45:18 UTC] デバッグ:セッション変数の中身：Array
(
)

[03-Jun-2020 13:45:18 UTC] デバッグ:現在日時タイムスタンプ：1591191918
[03-Jun-2020 13:45:18 UTC] デバッグ:未ログインユーザーです。
[03-Jun-2020 13:45:18 UTC] デバッグ:画面表示処理終了<<<<<<<<<<<<<<<<<<<<<<<<<<<<<<<<<<<<<<<<<<<<<<<<<<<<<
[03-Jun-2020 13:45:45 UTC] デバッグ:「「「「「「「「「「「「「「「「「「「「「「「「「「「「「「「「「
[03-Jun-2020 13:45:45 UTC] デバッグ:「ログインページ
[03-Jun-2020 13:45:45 UTC] デバッグ:「「「「「「「「「「「「「「「「「「「「「「「「「「「「「「「「「
[03-Jun-2020 13:45:45 UTC] デバッグ:>>>>>>>>>>>>>>>>>>>>>>>>>>>>>>>>>>>>>>>>>>>>>>>> 画面表示処理開始
[03-Jun-2020 13:45:45 UTC] デバッグ:セッションID：rr85tjn8uhslgl0hduut1d774h
[03-Jun-2020 13:45:45 UTC] デバッグ:セッション変数の中身：Array
(
)

[03-Jun-2020 13:45:45 UTC] デバッグ:現在日時タイムスタンプ：1591191945
[03-Jun-2020 13:45:45 UTC] デバッグ:未ログインユーザーです。
[03-Jun-2020 13:45:45 UTC] デバッグ:POST送信があります。
[03-Jun-2020 13:45:45 UTC] デバッグ:バリデーションOKです。
[03-Jun-2020 13:45:45 UTC] デバッグ:クエリ結果の中身:
[03-Jun-2020 13:45:45 UTC] デバッグ:パスワードがアンマッチです
[03-Jun-2020 13:45:45 UTC] デバッグ:画面表示処理終了<<<<<<<<<<<<<<<<<<<<<<<<<<<<<<<<<<<<<<<<<<<<<<<<<<<<<
[03-Jun-2020 13:45:52 UTC] デバッグ:「「「「「「「「「「「「「「「「「「「「「「「「「「「「「「「「「
[03-Jun-2020 13:45:52 UTC] デバッグ:「ログインページ
[03-Jun-2020 13:45:52 UTC] デバッグ:「「「「「「「「「「「「「「「「「「「「「「「「「「「「「「「「「
[03-Jun-2020 13:45:52 UTC] デバッグ:>>>>>>>>>>>>>>>>>>>>>>>>>>>>>>>>>>>>>>>>>>>>>>>> 画面表示処理開始
[03-Jun-2020 13:45:52 UTC] デバッグ:セッションID：7cpsa59keukmr2ege72jt3iial
[03-Jun-2020 13:45:52 UTC] デバッグ:セッション変数の中身：Array
(
)

[03-Jun-2020 13:45:52 UTC] デバッグ:現在日時タイムスタンプ：1591191952
[03-Jun-2020 13:45:52 UTC] デバッグ:未ログインユーザーです。
[03-Jun-2020 13:45:52 UTC] デバッグ:POST送信があります。
[03-Jun-2020 13:45:52 UTC] デバッグ:バリデーションOKです。
[03-Jun-2020 13:45:52 UTC] デバッグ:クエリ結果の中身:
[03-Jun-2020 13:45:52 UTC] デバッグ:パスワードがアンマッチです
[03-Jun-2020 13:45:52 UTC] デバッグ:画面表示処理終了<<<<<<<<<<<<<<<<<<<<<<<<<<<<<<<<<<<<<<<<<<<<<<<<<<<<<
[03-Jun-2020 13:46:08 UTC] デバッグ:「「「「「「「「「「「「「「「「「「「「「「「「「「「「「「「「「
[03-Jun-2020 13:46:08 UTC] デバッグ:「ログインページ
[03-Jun-2020 13:46:08 UTC] デバッグ:「「「「「「「「「「「「「「「「「「「「「「「「「「「「「「「「「
[03-Jun-2020 13:46:08 UTC] デバッグ:>>>>>>>>>>>>>>>>>>>>>>>>>>>>>>>>>>>>>>>>>>>>>>>> 画面表示処理開始
[03-Jun-2020 13:46:08 UTC] デバッグ:セッションID：i3okqng01s4sumvlje4qepi6m5
[03-Jun-2020 13:46:08 UTC] デバッグ:セッション変数の中身：Array
(
)

[03-Jun-2020 13:46:08 UTC] デバッグ:現在日時タイムスタンプ：1591191968
[03-Jun-2020 13:46:08 UTC] デバッグ:未ログインユーザーです。
[03-Jun-2020 13:46:08 UTC] デバッグ:POST送信があります。
[03-Jun-2020 13:46:08 UTC] デバッグ:バリデーションOKです。
[03-Jun-2020 13:46:08 UTC] デバッグ:クエリ結果の中身:
[03-Jun-2020 13:46:08 UTC] デバッグ:パスワードがアンマッチです
[03-Jun-2020 13:46:08 UTC] デバッグ:画面表示処理終了<<<<<<<<<<<<<<<<<<<<<<<<<<<<<<<<<<<<<<<<<<<<<<<<<<<<<
[03-Jun-2020 13:46:15 UTC] デバッグ:「「「「「「「「「「「「「「「「「「「「「「「「「「「「「「「「「
[03-Jun-2020 13:46:15 UTC] デバッグ:「ログインページ
[03-Jun-2020 13:46:15 UTC] デバッグ:「「「「「「「「「「「「「「「「「「「「「「「「「「「「「「「「「
[03-Jun-2020 13:46:15 UTC] デバッグ:>>>>>>>>>>>>>>>>>>>>>>>>>>>>>>>>>>>>>>>>>>>>>>>> 画面表示処理開始
[03-Jun-2020 13:46:15 UTC] デバッグ:セッションID：7q0ksvaokfqiuji6fuhoogih0p
[03-Jun-2020 13:46:15 UTC] デバッグ:セッション変数の中身：Array
(
)

[03-Jun-2020 13:46:15 UTC] デバッグ:現在日時タイムスタンプ：1591191975
[03-Jun-2020 13:46:15 UTC] デバッグ:未ログインユーザーです。
[03-Jun-2020 13:46:15 UTC] デバッグ:POST送信があります。
[03-Jun-2020 13:46:15 UTC] デバッグ:バリデーションOKです。
[03-Jun-2020 13:46:15 UTC] デバッグ:クエリ結果の中身:Array
(
    [password] => $2y$10$W2..kuz9ch2LPSdSkui0j.rBHvDqJc91UhRzMI6WfWWfp5rl1M65C
    [id] => 1
)

[03-Jun-2020 13:46:15 UTC] デバッグ:パスワードがマッチしました
[03-Jun-2020 13:46:15 UTC] デバッグ:ログイン保持にチェックはありません
[03-Jun-2020 13:46:15 UTC] デバッグ:セッション変数の中身1
[03-Jun-2020 13:46:15 UTC] デバッグ:マイページへ遷移します.
[03-Jun-2020 13:46:15 UTC] デバッグ:画面表示処理終了<<<<<<<<<<<<<<<<<<<<<<<<<<<<<<<<<<<<<<<<<<<<<<<<<<<<<
[03-Jun-2020 13:46:57 UTC] デバッグ:「「「「「「「「「「「「「「「「「「「「「「「「「「「「「「「「「
[03-Jun-2020 13:46:57 UTC] デバッグ:「ログインページ
[03-Jun-2020 13:46:57 UTC] デバッグ:「「「「「「「「「「「「「「「「「「「「「「「「「「「「「「「「「
[03-Jun-2020 13:46:57 UTC] デバッグ:>>>>>>>>>>>>>>>>>>>>>>>>>>>>>>>>>>>>>>>>>>>>>>>> 画面表示処理開始
[03-Jun-2020 13:46:57 UTC] デバッグ:セッションID：gvoqtekclumtm3bcoemnh2kb6i
[03-Jun-2020 13:46:57 UTC] デバッグ:セッション変数の中身：Array
(
    [login_date] => 1591191975
    [login_limit] => 3600
    [user_id] => 1
)

[03-Jun-2020 13:46:57 UTC] デバッグ:現在日時タイムスタンプ：1591192017
[03-Jun-2020 13:46:57 UTC] デバッグ:ログイン期限日時タイムスタンプ：1591195575
[03-Jun-2020 13:46:57 UTC] デバッグ:ログイン済みユーザーです。
[03-Jun-2020 13:46:57 UTC] デバッグ:ログイン有効期限以内です。
[03-Jun-2020 13:46:57 UTC] デバッグ:マイページへ遷移します。
[03-Jun-2020 13:46:57 UTC] デバッグ:画面表示処理終了<<<<<<<<<<<<<<<<<<<<<<<<<<<<<<<<<<<<<<<<<<<<<<<<<<<<<
[03-Jun-2020 13:46:59 UTC] デバッグ:「「「「「「「「「「「「「「「「「「「「「「「「「「「「「「「「「
[03-Jun-2020 13:46:59 UTC] デバッグ:「ログインページ
[03-Jun-2020 13:46:59 UTC] デバッグ:「「「「「「「「「「「「「「「「「「「「「「「「「「「「「「「「「
[03-Jun-2020 13:46:59 UTC] デバッグ:>>>>>>>>>>>>>>>>>>>>>>>>>>>>>>>>>>>>>>>>>>>>>>>> 画面表示処理開始
[03-Jun-2020 13:46:59 UTC] デバッグ:セッションID：83u631fi6p5b7b7jjg93m4d3av
[03-Jun-2020 13:46:59 UTC] デバッグ:セッション変数の中身：Array
(
    [login_date] => 1591192017
    [login_limit] => 3600
    [user_id] => 1
)

[03-Jun-2020 13:46:59 UTC] デバッグ:現在日時タイムスタンプ：1591192019
[03-Jun-2020 13:46:59 UTC] デバッグ:ログイン期限日時タイムスタンプ：1591195617
[03-Jun-2020 13:46:59 UTC] デバッグ:ログイン済みユーザーです。
[03-Jun-2020 13:46:59 UTC] デバッグ:ログイン有効期限以内です。
[03-Jun-2020 13:46:59 UTC] デバッグ:マイページへ遷移します。
[03-Jun-2020 13:46:59 UTC] デバッグ:画面表示処理終了<<<<<<<<<<<<<<<<<<<<<<<<<<<<<<<<<<<<<<<<<<<<<<<<<<<<<
[03-Jun-2020 13:47:00 UTC] デバッグ:「「「「「「「「「「「「「「「「「「「「「「「「「「「「「「「「「
[03-Jun-2020 13:47:00 UTC] デバッグ:「ログインページ
[03-Jun-2020 13:47:00 UTC] デバッグ:「「「「「「「「「「「「「「「「「「「「「「「「「「「「「「「「「
[03-Jun-2020 13:47:00 UTC] デバッグ:>>>>>>>>>>>>>>>>>>>>>>>>>>>>>>>>>>>>>>>>>>>>>>>> 画面表示処理開始
[03-Jun-2020 13:47:00 UTC] デバッグ:セッションID：gnlbu54dir6avf860v0im1dg73
[03-Jun-2020 13:47:00 UTC] デバッグ:セッション変数の中身：Array
(
    [login_date] => 1591192019
    [login_limit] => 3600
    [user_id] => 1
)

[03-Jun-2020 13:47:00 UTC] デバッグ:現在日時タイムスタンプ：1591192020
[03-Jun-2020 13:47:00 UTC] デバッグ:ログイン期限日時タイムスタンプ：1591195619
[03-Jun-2020 13:47:00 UTC] デバッグ:ログイン済みユーザーです。
[03-Jun-2020 13:47:00 UTC] デバッグ:ログイン有効期限以内です。
[03-Jun-2020 13:47:00 UTC] デバッグ:マイページへ遷移します。
[03-Jun-2020 13:47:00 UTC] デバッグ:画面表示処理終了<<<<<<<<<<<<<<<<<<<<<<<<<<<<<<<<<<<<<<<<<<<<<<<<<<<<<
[03-Jun-2020 13:47:06 UTC] デバッグ:「「「「「「「「「「「「「「「「「「「「「「「「「「「「「「「「「
[03-Jun-2020 13:47:06 UTC] デバッグ:「ログインページ
[03-Jun-2020 13:47:06 UTC] デバッグ:「「「「「「「「「「「「「「「「「「「「「「「「「「「「「「「「「
[03-Jun-2020 13:47:06 UTC] デバッグ:>>>>>>>>>>>>>>>>>>>>>>>>>>>>>>>>>>>>>>>>>>>>>>>> 画面表示処理開始
[03-Jun-2020 13:47:06 UTC] デバッグ:セッションID：3c49odqhuti0maqbml68hbl5hf
[03-Jun-2020 13:47:06 UTC] デバッグ:セッション変数の中身：Array
(
    [login_date] => 1591192020
    [login_limit] => 3600
    [user_id] => 1
)

[03-Jun-2020 13:47:06 UTC] デバッグ:現在日時タイムスタンプ：1591192026
[03-Jun-2020 13:47:06 UTC] デバッグ:ログイン期限日時タイムスタンプ：1591195620
[03-Jun-2020 13:47:06 UTC] デバッグ:ログイン済みユーザーです。
[03-Jun-2020 13:47:06 UTC] デバッグ:ログイン有効期限以内です。
[03-Jun-2020 13:47:06 UTC] デバッグ:マイページへ遷移します。
[03-Jun-2020 13:47:06 UTC] デバッグ:画面表示処理終了<<<<<<<<<<<<<<<<<<<<<<<<<<<<<<<<<<<<<<<<<<<<<<<<<<<<<
[03-Jun-2020 13:47:18 UTC] デバッグ:「「「「「「「「「「「「「「「「「「「「「「「「「「「「「「「「「
[03-Jun-2020 13:47:18 UTC] デバッグ:「ログインページ
[03-Jun-2020 13:47:18 UTC] デバッグ:「「「「「「「「「「「「「「「「「「「「「「「「「「「「「「「「「
[03-Jun-2020 13:47:18 UTC] デバッグ:>>>>>>>>>>>>>>>>>>>>>>>>>>>>>>>>>>>>>>>>>>>>>>>> 画面表示処理開始
[03-Jun-2020 13:47:18 UTC] デバッグ:セッションID：op4i90ppifqi0kec6mvjlma2ns
[03-Jun-2020 13:47:18 UTC] デバッグ:セッション変数の中身：Array
(
    [login_date] => 1591192026
    [login_limit] => 3600
    [user_id] => 1
)

[03-Jun-2020 13:47:18 UTC] デバッグ:現在日時タイムスタンプ：1591192038
[03-Jun-2020 13:47:18 UTC] デバッグ:ログイン期限日時タイムスタンプ：1591195626
[03-Jun-2020 13:47:18 UTC] デバッグ:ログイン済みユーザーです。
[03-Jun-2020 13:47:18 UTC] デバッグ:ログイン有効期限以内です。
[03-Jun-2020 13:47:18 UTC] デバッグ:マイページへ遷移します。
[03-Jun-2020 13:47:18 UTC] デバッグ:画面表示処理終了<<<<<<<<<<<<<<<<<<<<<<<<<<<<<<<<<<<<<<<<<<<<<<<<<<<<<
[03-Jun-2020 13:47:29 UTC] デバッグ:「「「「「「「「「「「「「「「「「「「「「「「「「「「「「「「「「
[03-Jun-2020 13:47:29 UTC] デバッグ:「ログインページ
[03-Jun-2020 13:47:29 UTC] デバッグ:「「「「「「「「「「「「「「「「「「「「「「「「「「「「「「「「「
[03-Jun-2020 13:47:29 UTC] デバッグ:>>>>>>>>>>>>>>>>>>>>>>>>>>>>>>>>>>>>>>>>>>>>>>>> 画面表示処理開始
[03-Jun-2020 13:47:29 UTC] デバッグ:セッションID：h3j5risj7idt4g0rvr7evksc34
[03-Jun-2020 13:47:29 UTC] デバッグ:セッション変数の中身：Array
(
    [login_date] => 1591192038
    [login_limit] => 3600
    [user_id] => 1
)

[03-Jun-2020 13:47:29 UTC] デバッグ:現在日時タイムスタンプ：1591192049
[03-Jun-2020 13:47:29 UTC] デバッグ:ログイン期限日時タイムスタンプ：1591195638
[03-Jun-2020 13:47:29 UTC] デバッグ:ログイン済みユーザーです。
[03-Jun-2020 13:47:29 UTC] デバッグ:ログイン有効期限以内です。
[03-Jun-2020 13:47:29 UTC] デバッグ:マイページへ遷移します。
[03-Jun-2020 13:47:29 UTC] デバッグ:画面表示処理終了<<<<<<<<<<<<<<<<<<<<<<<<<<<<<<<<<<<<<<<<<<<<<<<<<<<<<
[03-Jun-2020 13:47:55 UTC] デバッグ:「「「「「「「「「「「「「「「「「「「「「「「「「「「「「「「「「
[03-Jun-2020 13:47:55 UTC] デバッグ:「ログインページ
[03-Jun-2020 13:47:55 UTC] デバッグ:「「「「「「「「「「「「「「「「「「「「「「「「「「「「「「「「「
[03-Jun-2020 13:47:55 UTC] デバッグ:>>>>>>>>>>>>>>>>>>>>>>>>>>>>>>>>>>>>>>>>>>>>>>>> 画面表示処理開始
[03-Jun-2020 13:47:55 UTC] デバッグ:セッションID：nf5sr0jqa8lqedpsjf076g0q6t
[03-Jun-2020 13:47:55 UTC] デバッグ:セッション変数の中身：Array
(
)

[03-Jun-2020 13:47:55 UTC] デバッグ:現在日時タイムスタンプ：1591192075
[03-Jun-2020 13:47:55 UTC] デバッグ:未ログインユーザーです。
[03-Jun-2020 13:47:55 UTC] デバッグ:画面表示処理終了<<<<<<<<<<<<<<<<<<<<<<<<<<<<<<<<<<<<<<<<<<<<<<<<<<<<<
[03-Jun-2020 14:39:26 UTC] デバッグ:「「「「「「「「「「「「「「「「「「「「「「「「「「「「「「「「「
[03-Jun-2020 14:39:26 UTC] デバッグ:「ログインページ
[03-Jun-2020 14:39:26 UTC] デバッグ:「「「「「「「「「「「「「「「「「「「「「「「「「「「「「「「「「
[03-Jun-2020 14:39:26 UTC] デバッグ:>>>>>>>>>>>>>>>>>>>>>>>>>>>>>>>>>>>>>>>>>>>>>>>> 画面表示処理開始
[03-Jun-2020 14:39:26 UTC] デバッグ:セッションID：hfdkuk96ihglrbo3kablu2c0kv
[03-Jun-2020 14:39:26 UTC] デバッグ:セッション変数の中身：Array
(
)

[03-Jun-2020 14:39:26 UTC] デバッグ:現在日時タイムスタンプ：1591195166
[03-Jun-2020 14:39:26 UTC] デバッグ:未ログインユーザーです。
[03-Jun-2020 14:39:26 UTC] デバッグ:POST送信があります。
[03-Jun-2020 14:39:26 UTC] デバッグ:バリデーションOKです。
[03-Jun-2020 14:39:26 UTC] デバッグ:クエリ結果の中身:Array
(
    [password] => $2y$10$W2..kuz9ch2LPSdSkui0j.rBHvDqJc91UhRzMI6WfWWfp5rl1M65C
    [id] => 1
)

[03-Jun-2020 14:39:26 UTC] デバッグ:1
[03-Jun-2020 14:39:26 UTC] デバッグ:パスワードがマッチしました
[03-Jun-2020 14:39:26 UTC] デバッグ:ログイン保持にチェックはありません
[03-Jun-2020 14:39:26 UTC] デバッグ:セッション変数の中身1
[03-Jun-2020 14:39:26 UTC] デバッグ:マイページへ遷移します.
[03-Jun-2020 14:39:26 UTC] デバッグ:画面表示処理終了<<<<<<<<<<<<<<<<<<<<<<<<<<<<<<<<<<<<<<<<<<<<<<<<<<<<<
[03-Jun-2020 14:40:12 UTC] デバッグ:「「「「「「「「「「「「「「「「「「「「「「「「「「「「「「「「「
[03-Jun-2020 14:40:12 UTC] デバッグ:「ログインページ
[03-Jun-2020 14:40:12 UTC] デバッグ:「「「「「「「「「「「「「「「「「「「「「「「「「「「「「「「「「
[03-Jun-2020 14:40:12 UTC] デバッグ:>>>>>>>>>>>>>>>>>>>>>>>>>>>>>>>>>>>>>>>>>>>>>>>> 画面表示処理開始
[03-Jun-2020 14:40:12 UTC] デバッグ:セッションID：31esd41lanbejfbiskikvqap51
[03-Jun-2020 14:40:12 UTC] デバッグ:セッション変数の中身：Array
(
)

[03-Jun-2020 14:40:12 UTC] デバッグ:現在日時タイムスタンプ：1591195212
[03-Jun-2020 14:40:12 UTC] デバッグ:未ログインユーザーです。
[03-Jun-2020 14:40:12 UTC] デバッグ:画面表示処理終了<<<<<<<<<<<<<<<<<<<<<<<<<<<<<<<<<<<<<<<<<<<<<<<<<<<<<
[03-Jun-2020 14:44:56 UTC] デバッグ:「「「「「「「「「「「「「「「「「「「「「「「「「「「「「「「「「
[03-Jun-2020 14:44:56 UTC] デバッグ:「ログインページ
[03-Jun-2020 14:44:56 UTC] デバッグ:「「「「「「「「「「「「「「「「「「「「「「「「「「「「「「「「「
[03-Jun-2020 14:44:56 UTC] デバッグ:>>>>>>>>>>>>>>>>>>>>>>>>>>>>>>>>>>>>>>>>>>>>>>>> 画面表示処理開始
[03-Jun-2020 14:44:56 UTC] デバッグ:セッションID：j951iho6gge3ou8m67bn2tabmb
[03-Jun-2020 14:44:56 UTC] デバッグ:セッション変数の中身：Array
(
)

[03-Jun-2020 14:44:56 UTC] デバッグ:現在日時タイムスタンプ：1591195496
[03-Jun-2020 14:44:56 UTC] デバッグ:未ログインユーザーです。
[03-Jun-2020 14:44:56 UTC] デバッグ:画面表示処理終了<<<<<<<<<<<<<<<<<<<<<<<<<<<<<<<<<<<<<<<<<<<<<<<<<<<<<
[03-Jun-2020 14:46:19 UTC] デバッグ:「「「「「「「「「「「「「「「「「「「「「「「「「「「「「「「「「
[03-Jun-2020 14:46:19 UTC] デバッグ:「ログインページ
[03-Jun-2020 14:46:19 UTC] デバッグ:「「「「「「「「「「「「「「「「「「「「「「「「「「「「「「「「「
[03-Jun-2020 14:46:19 UTC] デバッグ:>>>>>>>>>>>>>>>>>>>>>>>>>>>>>>>>>>>>>>>>>>>>>>>> 画面表示処理開始
[03-Jun-2020 14:46:19 UTC] デバッグ:セッションID：1kil7qa5dpf78dlaifj8g8g8br
[03-Jun-2020 14:46:19 UTC] デバッグ:セッション変数の中身：Array
(
)

[03-Jun-2020 14:46:19 UTC] デバッグ:現在日時タイムスタンプ：1591195579
[03-Jun-2020 14:46:19 UTC] デバッグ:未ログインユーザーです。
[03-Jun-2020 14:46:19 UTC] デバッグ:POST送信があります。
[03-Jun-2020 14:46:19 UTC] デバッグ:バリデーションOKです。
[03-Jun-2020 14:46:19 UTC] デバッグ:クエリ結果の中身:Array
(
    [password] => $2y$10$W2..kuz9ch2LPSdSkui0j.rBHvDqJc91UhRzMI6WfWWfp5rl1M65C
    [id] => 1
)

[03-Jun-2020 14:46:19 UTC] デバッグ:1
[03-Jun-2020 14:46:19 UTC] PHP Notice:  Undefined offset: 1 in /Applications/MAMP/htdocs/webservice_lesson1/login.php on line 60
[03-Jun-2020 14:46:19 UTC] デバッグ:パスワードがアンマッチです
[03-Jun-2020 14:46:19 UTC] デバッグ:画面表示処理終了<<<<<<<<<<<<<<<<<<<<<<<<<<<<<<<<<<<<<<<<<<<<<<<<<<<<<
[03-Jun-2020 14:46:33 UTC] デバッグ:「「「「「「「「「「「「「「「「「「「「「「「「「「「「「「「「「
[03-Jun-2020 14:46:33 UTC] デバッグ:「ログインページ
[03-Jun-2020 14:46:33 UTC] デバッグ:「「「「「「「「「「「「「「「「「「「「「「「「「「「「「「「「「
[03-Jun-2020 14:46:33 UTC] デバッグ:>>>>>>>>>>>>>>>>>>>>>>>>>>>>>>>>>>>>>>>>>>>>>>>> 画面表示処理開始
[03-Jun-2020 14:46:33 UTC] デバッグ:セッションID：tn6kqi3f6gcfp82gnr8egu1buq
[03-Jun-2020 14:46:33 UTC] デバッグ:セッション変数の中身：Array
(
)

[03-Jun-2020 14:46:33 UTC] デバッグ:現在日時タイムスタンプ：1591195593
[03-Jun-2020 14:46:33 UTC] デバッグ:未ログインユーザーです。
[03-Jun-2020 14:46:33 UTC] デバッグ:POST送信があります。
[03-Jun-2020 14:46:33 UTC] デバッグ:バリデーションOKです。
[03-Jun-2020 14:46:33 UTC] デバッグ:クエリ結果の中身:Array
(
    [password] => $2y$10$W2..kuz9ch2LPSdSkui0j.rBHvDqJc91UhRzMI6WfWWfp5rl1M65C
    [id] => 1
)

[03-Jun-2020 14:46:33 UTC] デバッグ:1
[03-Jun-2020 14:46:33 UTC] PHP Notice:  Undefined offset: 1 in /Applications/MAMP/htdocs/webservice_lesson1/login.php on line 60
[03-Jun-2020 14:46:33 UTC] デバッグ:パスワードがアンマッチです
[03-Jun-2020 14:46:33 UTC] デバッグ:画面表示処理終了<<<<<<<<<<<<<<<<<<<<<<<<<<<<<<<<<<<<<<<<<<<<<<<<<<<<<
[03-Jun-2020 14:48:05 UTC] デバッグ:「「「「「「「「「「「「「「「「「「「「「「「「「「「「「「「「「
[03-Jun-2020 14:48:05 UTC] デバッグ:「ログインページ
[03-Jun-2020 14:48:05 UTC] デバッグ:「「「「「「「「「「「「「「「「「「「「「「「「「「「「「「「「「
[03-Jun-2020 14:48:05 UTC] デバッグ:>>>>>>>>>>>>>>>>>>>>>>>>>>>>>>>>>>>>>>>>>>>>>>>> 画面表示処理開始
[03-Jun-2020 14:48:05 UTC] デバッグ:セッションID：g0sqgif96uda9dfaj1h3e6gcnc
[03-Jun-2020 14:48:05 UTC] デバッグ:セッション変数の中身：Array
(
)

[03-Jun-2020 14:48:05 UTC] デバッグ:現在日時タイムスタンプ：1591195685
[03-Jun-2020 14:48:05 UTC] デバッグ:未ログインユーザーです。
[03-Jun-2020 14:48:05 UTC] デバッグ:POST送信があります。
[03-Jun-2020 14:48:05 UTC] デバッグ:バリデーションOKです。
[03-Jun-2020 14:48:05 UTC] デバッグ:クエリ結果の中身:Array
(
    [password] => $2y$10$W2..kuz9ch2LPSdSkui0j.rBHvDqJc91UhRzMI6WfWWfp5rl1M65C
    [id] => 1
)

[03-Jun-2020 14:48:05 UTC] デバッグ:1
[03-Jun-2020 14:48:05 UTC] デバッグ:パスワードがマッチしました
[03-Jun-2020 14:48:05 UTC] デバッグ:ログイン保持にチェックはありません
[03-Jun-2020 14:48:05 UTC] デバッグ:セッション変数の中身1
[03-Jun-2020 14:48:05 UTC] デバッグ:マイページへ遷移します.
[03-Jun-2020 14:48:05 UTC] デバッグ:画面表示処理終了<<<<<<<<<<<<<<<<<<<<<<<<<<<<<<<<<<<<<<<<<<<<<<<<<<<<<
[03-Jun-2020 15:04:17 UTC] デバッグ:「「「「「「「「「「「「「「「「「「「「「「「「「「「「「「「「「
[03-Jun-2020 15:04:17 UTC] デバッグ:「ログインページ
[03-Jun-2020 15:04:17 UTC] デバッグ:「「「「「「「「「「「「「「「「「「「「「「「「「「「「「「「「「
[03-Jun-2020 15:04:17 UTC] デバッグ:>>>>>>>>>>>>>>>>>>>>>>>>>>>>>>>>>>>>>>>>>>>>>>>> 画面表示処理開始
[03-Jun-2020 15:04:17 UTC] デバッグ:セッションID：34uitahe7gj3ts00e9d6iv5fl8
[03-Jun-2020 15:04:17 UTC] デバッグ:セッション変数の中身：Array
(
)

[03-Jun-2020 15:04:17 UTC] デバッグ:現在日時タイムスタンプ：1591196657
[03-Jun-2020 15:04:17 UTC] デバッグ:未ログインユーザーです。
[03-Jun-2020 15:04:17 UTC] デバッグ:POST送信があります。
[03-Jun-2020 15:04:17 UTC] デバッグ:バリデーションOKです。
[03-Jun-2020 15:04:17 UTC] デバッグ:クエリ結果の中身:Array
(
    [password] => $2y$10$W2..kuz9ch2LPSdSkui0j.rBHvDqJc91UhRzMI6WfWWfp5rl1M65C
    [id] => 1
)

[03-Jun-2020 15:04:17 UTC] デバッグ:$result[`password`]:1
[03-Jun-2020 15:04:17 UTC] PHP Notice:  Undefined offset: 1 in /Applications/MAMP/htdocs/webservice_lesson1/login.php on line 58
[03-Jun-2020 15:04:17 UTC] デバッグ:$result[1]:1
[03-Jun-2020 15:04:17 UTC] デバッグ:パスワードがマッチしました
[03-Jun-2020 15:04:17 UTC] デバッグ:ログイン保持にチェックはありません
[03-Jun-2020 15:04:17 UTC] デバッグ:セッション変数の中身1
[03-Jun-2020 15:04:17 UTC] デバッグ:マイページへ遷移します.
[03-Jun-2020 15:04:17 UTC] デバッグ:画面表示処理終了<<<<<<<<<<<<<<<<<<<<<<<<<<<<<<<<<<<<<<<<<<<<<<<<<<<<<
[03-Jun-2020 15:04:30 UTC] デバッグ:「「「「「「「「「「「「「「「「「「「「「「「「「「「「「「「「「
[03-Jun-2020 15:04:30 UTC] デバッグ:「ログインページ
[03-Jun-2020 15:04:30 UTC] デバッグ:「「「「「「「「「「「「「「「「「「「「「「「「「「「「「「「「「
[03-Jun-2020 15:04:30 UTC] デバッグ:>>>>>>>>>>>>>>>>>>>>>>>>>>>>>>>>>>>>>>>>>>>>>>>> 画面表示処理開始
[03-Jun-2020 15:04:30 UTC] デバッグ:セッションID：56dhbv52ql1qv3olu08vho9gk9
[03-Jun-2020 15:04:30 UTC] デバッグ:セッション変数の中身：Array
(
)

[03-Jun-2020 15:04:30 UTC] デバッグ:現在日時タイムスタンプ：1591196670
[03-Jun-2020 15:04:30 UTC] デバッグ:未ログインユーザーです。
[03-Jun-2020 15:04:30 UTC] デバッグ:画面表示処理終了<<<<<<<<<<<<<<<<<<<<<<<<<<<<<<<<<<<<<<<<<<<<<<<<<<<<<
[03-Jun-2020 15:04:50 UTC] デバッグ:「「「「「「「「「「「「「「「「「「「「「「「「「「「「「「「「「
[03-Jun-2020 15:04:50 UTC] デバッグ:「ログインページ
[03-Jun-2020 15:04:50 UTC] デバッグ:「「「「「「「「「「「「「「「「「「「「「「「「「「「「「「「「「
[03-Jun-2020 15:04:50 UTC] デバッグ:>>>>>>>>>>>>>>>>>>>>>>>>>>>>>>>>>>>>>>>>>>>>>>>> 画面表示処理開始
[03-Jun-2020 15:04:50 UTC] デバッグ:セッションID：f3p127ahpq3imejt56li3lpa3f
[03-Jun-2020 15:04:50 UTC] デバッグ:セッション変数の中身：Array
(
)

[03-Jun-2020 15:04:50 UTC] デバッグ:現在日時タイムスタンプ：1591196690
[03-Jun-2020 15:04:50 UTC] デバッグ:未ログインユーザーです。
[03-Jun-2020 15:04:50 UTC] デバッグ:POST送信があります。
[03-Jun-2020 15:04:50 UTC] デバッグ:バリデーションOKです。
[03-Jun-2020 15:04:50 UTC] デバッグ:クエリ結果の中身:Array
(
    [password] => $2y$10$W2..kuz9ch2LPSdSkui0j.rBHvDqJc91UhRzMI6WfWWfp5rl1M65C
    [id] => 1
)

[03-Jun-2020 15:04:50 UTC] デバッグ:$result[`password`]:1
[03-Jun-2020 15:04:50 UTC] PHP Notice:  Undefined offset: 1 in /Applications/MAMP/htdocs/webservice_lesson1/login.php on line 58
[03-Jun-2020 15:04:50 UTC] デバッグ:$result[1]:1
[03-Jun-2020 15:04:51 UTC] デバッグ:パスワードがマッチしました
[03-Jun-2020 15:04:51 UTC] デバッグ:ログイン保持にチェックはありません
[03-Jun-2020 15:04:51 UTC] デバッグ:セッション変数の中身1
[03-Jun-2020 15:04:51 UTC] デバッグ:マイページへ遷移します.
[03-Jun-2020 15:04:51 UTC] デバッグ:画面表示処理終了<<<<<<<<<<<<<<<<<<<<<<<<<<<<<<<<<<<<<<<<<<<<<<<<<<<<<
[03-Jun-2020 15:06:47 UTC] デバッグ:「「「「「「「「「「「「「「「「「「「「「「「「「「「「「「「「「
[03-Jun-2020 15:06:47 UTC] デバッグ:「ログインページ
[03-Jun-2020 15:06:47 UTC] デバッグ:「「「「「「「「「「「「「「「「「「「「「「「「「「「「「「「「「
[03-Jun-2020 15:06:47 UTC] デバッグ:>>>>>>>>>>>>>>>>>>>>>>>>>>>>>>>>>>>>>>>>>>>>>>>> 画面表示処理開始
[03-Jun-2020 15:06:47 UTC] デバッグ:セッションID：1m9b04a9j6glsolf4tbpda27on
[03-Jun-2020 15:06:47 UTC] デバッグ:セッション変数の中身：Array
(
    [login_date] => 1591196691
    [login_limit] => 3600
    [user_id] => 1
)

[03-Jun-2020 15:06:47 UTC] デバッグ:現在日時タイムスタンプ：1591196807
[03-Jun-2020 15:06:47 UTC] デバッグ:ログイン期限日時タイムスタンプ：1591200291
[03-Jun-2020 15:06:47 UTC] デバッグ:ログイン済みユーザーです。
[03-Jun-2020 15:06:47 UTC] デバッグ:ログイン有効期限以内です。
[03-Jun-2020 15:06:47 UTC] デバッグ:マイページへ遷移します。
[03-Jun-2020 15:06:47 UTC] デバッグ:画面表示処理終了<<<<<<<<<<<<<<<<<<<<<<<<<<<<<<<<<<<<<<<<<<<<<<<<<<<<<
[03-Jun-2020 15:06:53 UTC] デバッグ:「「「「「「「「「「「「「「「「「「「「「「「「「「「「「「「「「
[03-Jun-2020 15:06:53 UTC] デバッグ:「ログインページ
[03-Jun-2020 15:06:53 UTC] デバッグ:「「「「「「「「「「「「「「「「「「「「「「「「「「「「「「「「「
[03-Jun-2020 15:06:53 UTC] デバッグ:>>>>>>>>>>>>>>>>>>>>>>>>>>>>>>>>>>>>>>>>>>>>>>>> 画面表示処理開始
[03-Jun-2020 15:06:53 UTC] デバッグ:セッションID：auute08rqkvb2uqo7ipikks9hk
[03-Jun-2020 15:06:53 UTC] デバッグ:セッション変数の中身：Array
(
)

[03-Jun-2020 15:06:53 UTC] デバッグ:現在日時タイムスタンプ：1591196813
[03-Jun-2020 15:06:53 UTC] デバッグ:未ログインユーザーです。
[03-Jun-2020 15:06:53 UTC] デバッグ:画面表示処理終了<<<<<<<<<<<<<<<<<<<<<<<<<<<<<<<<<<<<<<<<<<<<<<<<<<<<<
[03-Jun-2020 15:07:59 UTC] デバッグ:「「「「「「「「「「「「「「「「「「「「「「「「「「「「「「「「「
[03-Jun-2020 15:07:59 UTC] デバッグ:「ログインページ
[03-Jun-2020 15:07:59 UTC] デバッグ:「「「「「「「「「「「「「「「「「「「「「「「「「「「「「「「「「
[03-Jun-2020 15:07:59 UTC] デバッグ:>>>>>>>>>>>>>>>>>>>>>>>>>>>>>>>>>>>>>>>>>>>>>>>> 画面表示処理開始
[03-Jun-2020 15:07:59 UTC] デバッグ:セッションID：747r0am940f3fbbvno46olllpu
[03-Jun-2020 15:07:59 UTC] デバッグ:セッション変数の中身：Array
(
)

[03-Jun-2020 15:07:59 UTC] デバッグ:現在日時タイムスタンプ：1591196879
[03-Jun-2020 15:07:59 UTC] デバッグ:未ログインユーザーです。
[03-Jun-2020 15:07:59 UTC] デバッグ:POST送信があります。
[03-Jun-2020 15:07:59 UTC] デバッグ:バリデーションOKです。
[03-Jun-2020 15:07:59 UTC] デバッグ:クエリ結果の中身:Array
(
    [id] => 1
    [password] => $2y$10$W2..kuz9ch2LPSdSkui0j.rBHvDqJc91UhRzMI6WfWWfp5rl1M65C
)

[03-Jun-2020 15:07:59 UTC] デバッグ:$result[`password`]:1
[03-Jun-2020 15:07:59 UTC] PHP Notice:  Undefined offset: 1 in /Applications/MAMP/htdocs/webservice_lesson1/login.php on line 58
[03-Jun-2020 15:07:59 UTC] デバッグ:$result[1]:1
[03-Jun-2020 15:07:59 UTC] デバッグ:パスワードがアンマッチです
[03-Jun-2020 15:07:59 UTC] デバッグ:画面表示処理終了<<<<<<<<<<<<<<<<<<<<<<<<<<<<<<<<<<<<<<<<<<<<<<<<<<<<<
[03-Jun-2020 15:08:14 UTC] デバッグ:「「「「「「「「「「「「「「「「「「「「「「「「「「「「「「「「「
[03-Jun-2020 15:08:14 UTC] デバッグ:「ログインページ
[03-Jun-2020 15:08:14 UTC] デバッグ:「「「「「「「「「「「「「「「「「「「「「「「「「「「「「「「「「
[03-Jun-2020 15:08:14 UTC] デバッグ:>>>>>>>>>>>>>>>>>>>>>>>>>>>>>>>>>>>>>>>>>>>>>>>> 画面表示処理開始
[03-Jun-2020 15:08:14 UTC] デバッグ:セッションID：lbkfvmms2vtq63o1am36jrnhd3
[03-Jun-2020 15:08:14 UTC] デバッグ:セッション変数の中身：Array
(
)

[03-Jun-2020 15:08:14 UTC] デバッグ:現在日時タイムスタンプ：1591196894
[03-Jun-2020 15:08:14 UTC] デバッグ:未ログインユーザーです。
[03-Jun-2020 15:08:14 UTC] デバッグ:POST送信があります。
[03-Jun-2020 15:08:14 UTC] デバッグ:バリデーションOKです。
[03-Jun-2020 15:08:14 UTC] デバッグ:クエリ結果の中身:Array
(
    [id] => 1
    [password] => $2y$10$W2..kuz9ch2LPSdSkui0j.rBHvDqJc91UhRzMI6WfWWfp5rl1M65C
)

[03-Jun-2020 15:08:14 UTC] デバッグ:$result[`password`]:1
[03-Jun-2020 15:08:14 UTC] デバッグ:パスワードがアンマッチです
[03-Jun-2020 15:08:14 UTC] デバッグ:画面表示処理終了<<<<<<<<<<<<<<<<<<<<<<<<<<<<<<<<<<<<<<<<<<<<<<<<<<<<<
[03-Jun-2020 15:08:36 UTC] デバッグ:「「「「「「「「「「「「「「「「「「「「「「「「「「「「「「「「「
[03-Jun-2020 15:08:36 UTC] デバッグ:「ログインページ
[03-Jun-2020 15:08:36 UTC] デバッグ:「「「「「「「「「「「「「「「「「「「「「「「「「「「「「「「「「
[03-Jun-2020 15:08:36 UTC] デバッグ:>>>>>>>>>>>>>>>>>>>>>>>>>>>>>>>>>>>>>>>>>>>>>>>> 画面表示処理開始
[03-Jun-2020 15:08:36 UTC] デバッグ:セッションID：nqegp29cvu94rusdhj4e9opfgl
[03-Jun-2020 15:08:36 UTC] デバッグ:セッション変数の中身：Array
(
)

[03-Jun-2020 15:08:36 UTC] デバッグ:現在日時タイムスタンプ：1591196916
[03-Jun-2020 15:08:36 UTC] デバッグ:未ログインユーザーです。
[03-Jun-2020 15:08:36 UTC] デバッグ:POST送信があります。
[03-Jun-2020 15:08:36 UTC] デバッグ:バリデーションOKです。
[03-Jun-2020 15:08:36 UTC] デバッグ:クエリ結果の中身:Array
(
    [id] => 1
    [password] => $2y$10$W2..kuz9ch2LPSdSkui0j.rBHvDqJc91UhRzMI6WfWWfp5rl1M65C
)

[03-Jun-2020 15:08:36 UTC] デバッグ:$result[`password`]:$2y$10$W2..kuz9ch2LPSdSkui0j.rBHvDqJc91UhRzMI6WfWWfp5rl1M65C
[03-Jun-2020 15:08:36 UTC] デバッグ:パスワードがアンマッチです
[03-Jun-2020 15:08:36 UTC] デバッグ:画面表示処理終了<<<<<<<<<<<<<<<<<<<<<<<<<<<<<<<<<<<<<<<<<<<<<<<<<<<<<
[03-Jun-2020 15:10:49 UTC] デバッグ:「「「「「「「「「「「「「「「「「「「「「「「「「「「「「「「「「
[03-Jun-2020 15:10:49 UTC] デバッグ:「ログインページ
[03-Jun-2020 15:10:49 UTC] デバッグ:「「「「「「「「「「「「「「「「「「「「「「「「「「「「「「「「「
[03-Jun-2020 15:10:49 UTC] デバッグ:>>>>>>>>>>>>>>>>>>>>>>>>>>>>>>>>>>>>>>>>>>>>>>>> 画面表示処理開始
[03-Jun-2020 15:10:49 UTC] デバッグ:セッションID：mv63b9bnfn8l3os2ono1906dbh
[03-Jun-2020 15:10:49 UTC] デバッグ:セッション変数の中身：Array
(
)

[03-Jun-2020 15:10:49 UTC] デバッグ:現在日時タイムスタンプ：1591197049
[03-Jun-2020 15:10:49 UTC] デバッグ:未ログインユーザーです。
[03-Jun-2020 15:10:49 UTC] デバッグ:POST送信があります。
[03-Jun-2020 15:10:49 UTC] デバッグ:バリデーションOKです。
[03-Jun-2020 15:10:49 UTC] デバッグ:クエリ結果の中身:Array
(
    [password] => $2y$10$W2..kuz9ch2LPSdSkui0j.rBHvDqJc91UhRzMI6WfWWfp5rl1M65C
    [id] => 1
)

[03-Jun-2020 15:10:49 UTC] デバッグ:$result[`password`]:$2y$10$W2..kuz9ch2LPSdSkui0j.rBHvDqJc91UhRzMI6WfWWfp5rl1M65C
[03-Jun-2020 15:10:49 UTC] デバッグ:パスワードがマッチしました
[03-Jun-2020 15:10:49 UTC] デバッグ:ログイン保持にチェックはありません
[03-Jun-2020 15:10:49 UTC] デバッグ:セッション変数の中身1
[03-Jun-2020 15:10:49 UTC] デバッグ:マイページへ遷移します.
[03-Jun-2020 15:10:49 UTC] デバッグ:画面表示処理終了<<<<<<<<<<<<<<<<<<<<<<<<<<<<<<<<<<<<<<<<<<<<<<<<<<<<<
[03-Jun-2020 15:13:11 UTC] デバッグ:「「「「「「「「「「「「「「「「「「「「「「「「「「「「「「「「「
[03-Jun-2020 15:13:11 UTC] デバッグ:「ログインページ
[03-Jun-2020 15:13:11 UTC] デバッグ:「「「「「「「「「「「「「「「「「「「「「「「「「「「「「「「「「
[03-Jun-2020 15:13:11 UTC] デバッグ:>>>>>>>>>>>>>>>>>>>>>>>>>>>>>>>>>>>>>>>>>>>>>>>> 画面表示処理開始
[03-Jun-2020 15:13:11 UTC] デバッグ:セッションID：35fogtt0u12uhr2ervc7oppbnc
[03-Jun-2020 15:13:11 UTC] デバッグ:セッション変数の中身：Array
(
)

[03-Jun-2020 15:13:11 UTC] デバッグ:現在日時タイムスタンプ：1591197191
[03-Jun-2020 15:13:11 UTC] デバッグ:未ログインユーザーです。
[03-Jun-2020 15:13:11 UTC] デバッグ:画面表示処理終了<<<<<<<<<<<<<<<<<<<<<<<<<<<<<<<<<<<<<<<<<<<<<<<<<<<<<
[03-Jun-2020 15:15:34 UTC] デバッグ:「「「「「「「「「「「「「「「「「「「「「「「「「「「「「「「「「
[03-Jun-2020 15:15:34 UTC] デバッグ:「ログインページ
[03-Jun-2020 15:15:34 UTC] デバッグ:「「「「「「「「「「「「「「「「「「「「「「「「「「「「「「「「「
[03-Jun-2020 15:15:34 UTC] デバッグ:>>>>>>>>>>>>>>>>>>>>>>>>>>>>>>>>>>>>>>>>>>>>>>>> 画面表示処理開始
[03-Jun-2020 15:15:34 UTC] デバッグ:セッションID：gptc0kefl3572nu4u0ttrrn05q
[03-Jun-2020 15:15:34 UTC] デバッグ:セッション変数の中身：Array
(
)

[03-Jun-2020 15:15:34 UTC] デバッグ:現在日時タイムスタンプ：1591197334
[03-Jun-2020 15:15:34 UTC] デバッグ:未ログインユーザーです。
[03-Jun-2020 15:15:34 UTC] デバッグ:POST送信があります。
[03-Jun-2020 15:15:34 UTC] デバッグ:バリデーションOKです。
[03-Jun-2020 15:15:34 UTC] デバッグ:クエリ結果の中身:Array
(
    [password] => $2y$10$W2..kuz9ch2LPSdSkui0j.rBHvDqJc91UhRzMI6WfWWfp5rl1M65C
    [id] => 1
)

[03-Jun-2020 15:15:34 UTC] デバッグ:$result[`password`]:1
[03-Jun-2020 15:15:34 UTC] デバッグ:パスワードがマッチしました
[03-Jun-2020 15:15:34 UTC] デバッグ:ログイン保持にチェックはありません
[03-Jun-2020 15:15:34 UTC] デバッグ:セッション変数の中身1
[03-Jun-2020 15:15:34 UTC] デバッグ:マイページへ遷移します.
[03-Jun-2020 15:15:34 UTC] デバッグ:画面表示処理終了<<<<<<<<<<<<<<<<<<<<<<<<<<<<<<<<<<<<<<<<<<<<<<<<<<<<<
[03-Jun-2020 15:17:09 UTC] デバッグ:「「「「「「「「「「「「「「「「「「「「「「「「「「「「「「「「「
[03-Jun-2020 15:17:09 UTC] デバッグ:「ログインページ
[03-Jun-2020 15:17:09 UTC] デバッグ:「「「「「「「「「「「「「「「「「「「「「「「「「「「「「「「「「
[03-Jun-2020 15:17:09 UTC] デバッグ:>>>>>>>>>>>>>>>>>>>>>>>>>>>>>>>>>>>>>>>>>>>>>>>> 画面表示処理開始
[03-Jun-2020 15:17:09 UTC] デバッグ:セッションID：ptjonikiunnp7r43q2i3rri488
[03-Jun-2020 15:17:09 UTC] デバッグ:セッション変数の中身：Array
(
)

[03-Jun-2020 15:17:09 UTC] デバッグ:現在日時タイムスタンプ：1591197429
[03-Jun-2020 15:17:09 UTC] デバッグ:未ログインユーザーです。
[03-Jun-2020 15:17:09 UTC] デバッグ:画面表示処理終了<<<<<<<<<<<<<<<<<<<<<<<<<<<<<<<<<<<<<<<<<<<<<<<<<<<<<
[03-Jun-2020 15:18:09 UTC] デバッグ:「「「「「「「「「「「「「「「「「「「「「「「「「「「「「「「「「
[03-Jun-2020 15:18:09 UTC] デバッグ:「ログインページ
[03-Jun-2020 15:18:09 UTC] デバッグ:「「「「「「「「「「「「「「「「「「「「「「「「「「「「「「「「「
[03-Jun-2020 15:18:09 UTC] デバッグ:>>>>>>>>>>>>>>>>>>>>>>>>>>>>>>>>>>>>>>>>>>>>>>>> 画面表示処理開始
[03-Jun-2020 15:18:09 UTC] デバッグ:セッションID：ljr7j6io8hr2df75aohno71ou3
[03-Jun-2020 15:18:09 UTC] デバッグ:セッション変数の中身：Array
(
)

[03-Jun-2020 15:18:09 UTC] デバッグ:現在日時タイムスタンプ：1591197489
[03-Jun-2020 15:18:09 UTC] デバッグ:未ログインユーザーです。
[03-Jun-2020 15:18:09 UTC] デバッグ:POST送信があります。
[03-Jun-2020 15:18:09 UTC] デバッグ:バリデーションOKです。
[03-Jun-2020 15:18:09 UTC] デバッグ:クエリ結果の中身:Array
(
    [password] => $2y$10$W2..kuz9ch2LPSdSkui0j.rBHvDqJc91UhRzMI6WfWWfp5rl1M65C
    [id] => 1
)

[03-Jun-2020 15:18:09 UTC] デバッグ:$result[`password`]:1
[03-Jun-2020 15:18:09 UTC] PHP Notice:  Undefined offset: 0 in /Applications/MAMP/htdocs/webservice_lesson1/login.php on line 60
[03-Jun-2020 15:18:09 UTC] デバッグ:パスワードがアンマッチです
[03-Jun-2020 15:18:09 UTC] デバッグ:画面表示処理終了<<<<<<<<<<<<<<<<<<<<<<<<<<<<<<<<<<<<<<<<<<<<<<<<<<<<<
[03-Jun-2020 15:19:08 UTC] デバッグ:「「「「「「「「「「「「「「「「「「「「「「「「「「「「「「「「「
[03-Jun-2020 15:19:08 UTC] デバッグ:「ログインページ
[03-Jun-2020 15:19:08 UTC] デバッグ:「「「「「「「「「「「「「「「「「「「「「「「「「「「「「「「「「
[03-Jun-2020 15:19:08 UTC] デバッグ:>>>>>>>>>>>>>>>>>>>>>>>>>>>>>>>>>>>>>>>>>>>>>>>> 画面表示処理開始
[03-Jun-2020 15:19:08 UTC] デバッグ:セッションID：kbe7vu8coqqjtibis4aa1rbful
[03-Jun-2020 15:19:08 UTC] デバッグ:セッション変数の中身：Array
(
)

[03-Jun-2020 15:19:08 UTC] デバッグ:現在日時タイムスタンプ：1591197548
[03-Jun-2020 15:19:08 UTC] デバッグ:未ログインユーザーです。
[03-Jun-2020 15:19:08 UTC] デバッグ:POST送信があります。
[03-Jun-2020 15:19:08 UTC] デバッグ:バリデーションOKです。
[03-Jun-2020 15:19:08 UTC] デバッグ:クエリ結果の中身:Array
(
    [password] => $2y$10$W2..kuz9ch2LPSdSkui0j.rBHvDqJc91UhRzMI6WfWWfp5rl1M65C
    [id] => 1
)

[03-Jun-2020 15:19:08 UTC] デバッグ:$result[`id`]:1
[03-Jun-2020 15:19:09 UTC] デバッグ:パスワードがマッチしました
[03-Jun-2020 15:19:09 UTC] デバッグ:ログイン保持にチェックはありません
[03-Jun-2020 15:19:09 UTC] デバッグ:セッション変数の中身1
[03-Jun-2020 15:19:09 UTC] デバッグ:マイページへ遷移します.
[03-Jun-2020 15:19:09 UTC] デバッグ:画面表示処理終了<<<<<<<<<<<<<<<<<<<<<<<<<<<<<<<<<<<<<<<<<<<<<<<<<<<<<
[03-Jun-2020 15:19:57 UTC] デバッグ:「「「「「「「「「「「「「「「「「「「「「「「「「「「「「「「「「
[03-Jun-2020 15:19:57 UTC] デバッグ:「ログインページ
[03-Jun-2020 15:19:57 UTC] デバッグ:「「「「「「「「「「「「「「「「「「「「「「「「「「「「「「「「「
[03-Jun-2020 15:19:57 UTC] デバッグ:>>>>>>>>>>>>>>>>>>>>>>>>>>>>>>>>>>>>>>>>>>>>>>>> 画面表示処理開始
[03-Jun-2020 15:19:57 UTC] デバッグ:セッションID：g8p8l68vqp4i6r17ra1ju7qpnl
[03-Jun-2020 15:19:57 UTC] デバッグ:セッション変数の中身：Array
(
)

[03-Jun-2020 15:19:57 UTC] デバッグ:現在日時タイムスタンプ：1591197597
[03-Jun-2020 15:19:57 UTC] デバッグ:未ログインユーザーです。
[03-Jun-2020 15:19:57 UTC] デバッグ:画面表示処理終了<<<<<<<<<<<<<<<<<<<<<<<<<<<<<<<<<<<<<<<<<<<<<<<<<<<<<
